SF:/Users/jaimealvarez/work-agrolink/agrolink-api/AgroLink.Domain/Entities/Animal.cs
FN:6,System.Int32 AgroLink.Domain.Entities.Animal::get_Id()
FNDA:0,System.Int32 AgroLink.Domain.Entities.Animal::get_Id()
DA:7,0
FN:10,System.String AgroLink.Domain.Entities.Animal::get_Tag()
FNDA:0,System.String AgroLink.Domain.Entities.Animal::get_Tag()
DA:11,0
FN:13,System.String AgroLink.Domain.Entities.Animal::get_Name()
FNDA:0,System.String AgroLink.Domain.Entities.Animal::get_Name()
DA:14,0
FN:16,System.String AgroLink.Domain.Entities.Animal::get_Color()
FNDA:0,System.String AgroLink.Domain.Entities.Animal::get_Color()
DA:17,0
FN:19,System.String AgroLink.Domain.Entities.Animal::get_Breed()
FNDA:0,System.String AgroLink.Domain.Entities.Animal::get_Breed()
DA:20,0
FN:23,System.String AgroLink.Domain.Entities.Animal::get_Sex()
FNDA:0,System.String AgroLink.Domain.Entities.Animal::get_Sex()
DA:24,0
FN:27,System.String AgroLink.Domain.Entities.Animal::get_Status()
FNDA:0,System.String AgroLink.Domain.Entities.Animal::get_Status()
DA:28,0
FN:29,System.Nullable`1<System.DateTime> AgroLink.Domain.Entities.Animal::get_BirthDate()
FNDA:0,System.Nullable`1<System.DateTime> AgroLink.Domain.Entities.Animal::get_BirthDate()
DA:30,0
FN:30,System.Int32 AgroLink.Domain.Entities.Animal::get_LotId()
FNDA:0,System.Int32 AgroLink.Domain.Entities.Animal::get_LotId()
DA:31,0
FN:31,System.Nullable`1<System.Int32> AgroLink.Domain.Entities.Animal::get_MotherId()
FNDA:0,System.Nullable`1<System.Int32> AgroLink.Domain.Entities.Animal::get_MotherId()
DA:32,0
FN:32,System.Nullable`1<System.Int32> AgroLink.Domain.Entities.Animal::get_FatherId()
FNDA:0,System.Nullable`1<System.Int32> AgroLink.Domain.Entities.Animal::get_FatherId()
DA:33,0
FN:34,System.DateTime AgroLink.Domain.Entities.Animal::get_CreatedAt()
FNDA:0,System.DateTime AgroLink.Domain.Entities.Animal::get_CreatedAt()
DA:35,0
FN:35,System.Nullable`1<System.DateTime> AgroLink.Domain.Entities.Animal::get_UpdatedAt()
FNDA:0,System.Nullable`1<System.DateTime> AgroLink.Domain.Entities.Animal::get_UpdatedAt()
DA:36,0
FN:38,AgroLink.Domain.Entities.Lot AgroLink.Domain.Entities.Animal::get_Lot()
FNDA:0,AgroLink.Domain.Entities.Lot AgroLink.Domain.Entities.Animal::get_Lot()
DA:39,0
FN:39,AgroLink.Domain.Entities.Animal AgroLink.Domain.Entities.Animal::get_Mother()
FNDA:0,AgroLink.Domain.Entities.Animal AgroLink.Domain.Entities.Animal::get_Mother()
DA:40,0
FN:40,AgroLink.Domain.Entities.Animal AgroLink.Domain.Entities.Animal::get_Father()
FNDA:0,AgroLink.Domain.Entities.Animal AgroLink.Domain.Entities.Animal::get_Father()
DA:41,0
FN:41,System.Collections.Generic.ICollection`1<AgroLink.Domain.Entities.Animal> AgroLink.Domain.Entities.Animal::get_Children()
FNDA:0,System.Collections.Generic.ICollection`1<AgroLink.Domain.Entities.Animal> AgroLink.Domain.Entities.Animal::get_Children()
DA:42,0
FN:42,System.Collections.Generic.ICollection`1<AgroLink.Domain.Entities.AnimalOwner> AgroLink.Domain.Entities.Animal::get_AnimalOwners()
FNDA:0,System.Collections.Generic.ICollection`1<AgroLink.Domain.Entities.AnimalOwner> AgroLink.Domain.Entities.Animal::get_AnimalOwners()
DA:43,0
FN:43,System.Collections.Generic.ICollection`1<AgroLink.Domain.Entities.Movement> AgroLink.Domain.Entities.Animal::get_Movements()
FNDA:0,System.Collections.Generic.ICollection`1<AgroLink.Domain.Entities.Movement> AgroLink.Domain.Entities.Animal::get_Movements()
DA:44,0
FN:45,System.Collections.Generic.ICollection`1<AgroLink.Domain.Entities.ChecklistItem> AgroLink.Domain.Entities.Animal::get_ChecklistItems()
FNDA:0,System.Collections.Generic.ICollection`1<AgroLink.Domain.Entities.ChecklistItem> AgroLink.Domain.Entities.Animal::get_ChecklistItems()
DA:46,0
FN:48,System.Collections.Generic.ICollection`1<AgroLink.Domain.Entities.Photo> AgroLink.Domain.Entities.Animal::get_Photos()
FNDA:0,System.Collections.Generic.ICollection`1<AgroLink.Domain.Entities.Photo> AgroLink.Domain.Entities.Animal::get_Photos()
DA:49,0
FN:46,System.Void AgroLink.Domain.Entities.Animal::.ctor()
FNDA:0,System.Void AgroLink.Domain.Entities.Animal::.ctor()
DA:47,0
LF:22
LH:0
BRF:0
BRH:0
FNF:22
FNH:0
end_of_record
SF:/Users/jaimealvarez/work-agrolink/agrolink-api/AgroLink.Domain/Entities/AnimalOwner.cs
FN:6,System.Int32 AgroLink.Domain.Entities.AnimalOwner::get_AnimalId()
FNDA:0,System.Int32 AgroLink.Domain.Entities.AnimalOwner::get_AnimalId()
DA:7,0
FN:7,System.Int32 AgroLink.Domain.Entities.AnimalOwner::get_OwnerId()
FNDA:0,System.Int32 AgroLink.Domain.Entities.AnimalOwner::get_OwnerId()
DA:8,0
FN:10,System.Decimal AgroLink.Domain.Entities.AnimalOwner::get_SharePercent()
FNDA:0,System.Decimal AgroLink.Domain.Entities.AnimalOwner::get_SharePercent()
DA:11,0
FN:12,System.DateTime AgroLink.Domain.Entities.AnimalOwner::get_CreatedAt()
FNDA:0,System.DateTime AgroLink.Domain.Entities.AnimalOwner::get_CreatedAt()
DA:13,0
FN:15,AgroLink.Domain.Entities.Animal AgroLink.Domain.Entities.AnimalOwner::get_Animal()
FNDA:0,AgroLink.Domain.Entities.Animal AgroLink.Domain.Entities.AnimalOwner::get_Animal()
DA:16,0
FN:16,AgroLink.Domain.Entities.Owner AgroLink.Domain.Entities.AnimalOwner::get_Owner()
FNDA:0,AgroLink.Domain.Entities.Owner AgroLink.Domain.Entities.AnimalOwner::get_Owner()
DA:17,0
LF:6
LH:0
BRF:0
BRH:0
FNF:6
FNH:0
end_of_record
SF:/Users/jaimealvarez/work-agrolink/agrolink-api/AgroLink.Domain/Entities/Checklist.cs
FN:6,System.Int32 AgroLink.Domain.Entities.Checklist::get_Id()
FNDA:0,System.Int32 AgroLink.Domain.Entities.Checklist::get_Id()
DA:7,0
FN:10,System.String AgroLink.Domain.Entities.Checklist::get_ScopeType()
FNDA:0,System.String AgroLink.Domain.Entities.Checklist::get_ScopeType()
DA:11,0
FN:12,System.Int32 AgroLink.Domain.Entities.Checklist::get_ScopeId()
FNDA:0,System.Int32 AgroLink.Domain.Entities.Checklist::get_ScopeId()
DA:13,0
FN:14,System.DateTime AgroLink.Domain.Entities.Checklist::get_Date()
FNDA:0,System.DateTime AgroLink.Domain.Entities.Checklist::get_Date()
DA:15,0
FN:16,System.Int32 AgroLink.Domain.Entities.Checklist::get_UserId()
FNDA:0,System.Int32 AgroLink.Domain.Entities.Checklist::get_UserId()
DA:17,0
FN:19,System.String AgroLink.Domain.Entities.Checklist::get_Notes()
FNDA:0,System.String AgroLink.Domain.Entities.Checklist::get_Notes()
DA:20,0
FN:21,System.DateTime AgroLink.Domain.Entities.Checklist::get_CreatedAt()
FNDA:0,System.DateTime AgroLink.Domain.Entities.Checklist::get_CreatedAt()
DA:22,0
FN:22,System.Nullable`1<System.DateTime> AgroLink.Domain.Entities.Checklist::get_UpdatedAt()
FNDA:0,System.Nullable`1<System.DateTime> AgroLink.Domain.Entities.Checklist::get_UpdatedAt()
DA:23,0
FN:25,AgroLink.Domain.Entities.User AgroLink.Domain.Entities.Checklist::get_User()
FNDA:0,AgroLink.Domain.Entities.User AgroLink.Domain.Entities.Checklist::get_User()
DA:26,0
FN:27,System.Collections.Generic.ICollection`1<AgroLink.Domain.Entities.ChecklistItem> AgroLink.Domain.Entities.Checklist::get_ChecklistItems()
FNDA:0,System.Collections.Generic.ICollection`1<AgroLink.Domain.Entities.ChecklistItem> AgroLink.Domain.Entities.Checklist::get_ChecklistItems()
DA:28,0
FN:28,System.Void AgroLink.Domain.Entities.Checklist::.ctor()
FNDA:0,System.Void AgroLink.Domain.Entities.Checklist::.ctor()
DA:29,0
LF:11
LH:0
BRF:0
BRH:0
FNF:11
FNH:0
end_of_record
SF:/Users/jaimealvarez/work-agrolink/agrolink-api/AgroLink.Domain/Entities/ChecklistItem.cs
FN:6,System.Int32 AgroLink.Domain.Entities.ChecklistItem::get_Id()
FNDA:0,System.Int32 AgroLink.Domain.Entities.ChecklistItem::get_Id()
DA:7,0
FN:8,System.Int32 AgroLink.Domain.Entities.ChecklistItem::get_ChecklistId()
FNDA:0,System.Int32 AgroLink.Domain.Entities.ChecklistItem::get_ChecklistId()
DA:9,0
FN:9,System.Int32 AgroLink.Domain.Entities.ChecklistItem::get_AnimalId()
FNDA:0,System.Int32 AgroLink.Domain.Entities.ChecklistItem::get_AnimalId()
DA:10,0
FN:11,System.Boolean AgroLink.Domain.Entities.ChecklistItem::get_Present()
FNDA:0,System.Boolean AgroLink.Domain.Entities.ChecklistItem::get_Present()
DA:12,0
FN:15,System.String AgroLink.Domain.Entities.ChecklistItem::get_Condition()
FNDA:0,System.String AgroLink.Domain.Entities.ChecklistItem::get_Condition()
DA:16,0
FN:18,System.String AgroLink.Domain.Entities.ChecklistItem::get_Notes()
FNDA:0,System.String AgroLink.Domain.Entities.ChecklistItem::get_Notes()
DA:19,0
FN:20,System.DateTime AgroLink.Domain.Entities.ChecklistItem::get_CreatedAt()
FNDA:0,System.DateTime AgroLink.Domain.Entities.ChecklistItem::get_CreatedAt()
DA:21,0
FN:23,AgroLink.Domain.Entities.Checklist AgroLink.Domain.Entities.ChecklistItem::get_Checklist()
FNDA:0,AgroLink.Domain.Entities.Checklist AgroLink.Domain.Entities.ChecklistItem::get_Checklist()
DA:24,0
FN:24,AgroLink.Domain.Entities.Animal AgroLink.Domain.Entities.ChecklistItem::get_Animal()
FNDA:0,AgroLink.Domain.Entities.Animal AgroLink.Domain.Entities.ChecklistItem::get_Animal()
DA:25,0
LF:9
LH:0
BRF:0
BRH:0
FNF:9
FNH:0
end_of_record
SF:/Users/jaimealvarez/work-agrolink/agrolink-api/AgroLink.Domain/Entities/Farm.cs
FN:6,System.Int32 AgroLink.Domain.Entities.Farm::get_Id()
FNDA:0,System.Int32 AgroLink.Domain.Entities.Farm::get_Id()
DA:7,0
FN:10,System.String AgroLink.Domain.Entities.Farm::get_Name()
FNDA:0,System.String AgroLink.Domain.Entities.Farm::get_Name()
DA:11,0
FN:13,System.String AgroLink.Domain.Entities.Farm::get_Location()
FNDA:0,System.String AgroLink.Domain.Entities.Farm::get_Location()
DA:14,0
FN:15,System.DateTime AgroLink.Domain.Entities.Farm::get_CreatedAt()
FNDA:0,System.DateTime AgroLink.Domain.Entities.Farm::get_CreatedAt()
DA:16,0
FN:16,System.Nullable`1<System.DateTime> AgroLink.Domain.Entities.Farm::get_UpdatedAt()
FNDA:0,System.Nullable`1<System.DateTime> AgroLink.Domain.Entities.Farm::get_UpdatedAt()
DA:17,0
FN:19,System.Collections.Generic.ICollection`1<AgroLink.Domain.Entities.Paddock> AgroLink.Domain.Entities.Farm::get_Paddocks()
FNDA:0,System.Collections.Generic.ICollection`1<AgroLink.Domain.Entities.Paddock> AgroLink.Domain.Entities.Farm::get_Paddocks()
DA:20,0
LF:6
LH:0
BRF:0
BRH:0
FNF:6
FNH:0
end_of_record
SF:/Users/jaimealvarez/work-agrolink/agrolink-api/AgroLink.Domain/Entities/Lot.cs
FN:6,System.Int32 AgroLink.Domain.Entities.Lot::get_Id()
FNDA:0,System.Int32 AgroLink.Domain.Entities.Lot::get_Id()
DA:7,0
FN:10,System.String AgroLink.Domain.Entities.Lot::get_Name()
FNDA:0,System.String AgroLink.Domain.Entities.Lot::get_Name()
DA:11,0
FN:12,System.Int32 AgroLink.Domain.Entities.Lot::get_PaddockId()
FNDA:0,System.Int32 AgroLink.Domain.Entities.Lot::get_PaddockId()
DA:13,0
FN:16,System.String AgroLink.Domain.Entities.Lot::get_Status()
FNDA:0,System.String AgroLink.Domain.Entities.Lot::get_Status()
DA:17,0
FN:18,System.DateTime AgroLink.Domain.Entities.Lot::get_CreatedAt()
FNDA:0,System.DateTime AgroLink.Domain.Entities.Lot::get_CreatedAt()
DA:19,0
FN:19,System.Nullable`1<System.DateTime> AgroLink.Domain.Entities.Lot::get_UpdatedAt()
FNDA:0,System.Nullable`1<System.DateTime> AgroLink.Domain.Entities.Lot::get_UpdatedAt()
DA:20,0
FN:22,AgroLink.Domain.Entities.Paddock AgroLink.Domain.Entities.Lot::get_Paddock()
FNDA:0,AgroLink.Domain.Entities.Paddock AgroLink.Domain.Entities.Lot::get_Paddock()
DA:23,0
FN:23,System.Collections.Generic.ICollection`1<AgroLink.Domain.Entities.Animal> AgroLink.Domain.Entities.Lot::get_Animals()
FNDA:0,System.Collections.Generic.ICollection`1<AgroLink.Domain.Entities.Animal> AgroLink.Domain.Entities.Lot::get_Animals()
DA:24,0
FN:24,System.Collections.Generic.ICollection`1<AgroLink.Domain.Entities.Movement> AgroLink.Domain.Entities.Lot::get_Movements()
FNDA:0,System.Collections.Generic.ICollection`1<AgroLink.Domain.Entities.Movement> AgroLink.Domain.Entities.Lot::get_Movements()
DA:25,0
LF:9
LH:0
BRF:0
BRH:0
FNF:9
FNH:0
end_of_record
SF:/Users/jaimealvarez/work-agrolink/agrolink-api/AgroLink.Domain/Entities/Movement.cs
FN:6,System.Int32 AgroLink.Domain.Entities.Movement::get_Id()
FNDA:0,System.Int32 AgroLink.Domain.Entities.Movement::get_Id()
DA:7,0
FN:10,System.String AgroLink.Domain.Entities.Movement::get_EntityType()
FNDA:0,System.String AgroLink.Domain.Entities.Movement::get_EntityType()
DA:11,0
FN:12,System.Int32 AgroLink.Domain.Entities.Movement::get_EntityId()
FNDA:0,System.Int32 AgroLink.Domain.Entities.Movement::get_EntityId()
DA:13,0
FN:13,System.Nullable`1<System.Int32> AgroLink.Domain.Entities.Movement::get_FromId()
FNDA:0,System.Nullable`1<System.Int32> AgroLink.Domain.Entities.Movement::get_FromId()
DA:14,0
FN:14,System.Nullable`1<System.Int32> AgroLink.Domain.Entities.Movement::get_ToId()
FNDA:0,System.Nullable`1<System.Int32> AgroLink.Domain.Entities.Movement::get_ToId()
DA:15,0
FN:16,System.DateTime AgroLink.Domain.Entities.Movement::get_At()
FNDA:0,System.DateTime AgroLink.Domain.Entities.Movement::get_At()
DA:17,0
FN:19,System.String AgroLink.Domain.Entities.Movement::get_Reason()
FNDA:0,System.String AgroLink.Domain.Entities.Movement::get_Reason()
DA:20,0
FN:21,System.Int32 AgroLink.Domain.Entities.Movement::get_UserId()
FNDA:0,System.Int32 AgroLink.Domain.Entities.Movement::get_UserId()
DA:22,0
FN:23,System.DateTime AgroLink.Domain.Entities.Movement::get_CreatedAt()
FNDA:0,System.DateTime AgroLink.Domain.Entities.Movement::get_CreatedAt()
DA:24,0
FN:26,AgroLink.Domain.Entities.User AgroLink.Domain.Entities.Movement::get_User()
FNDA:0,AgroLink.Domain.Entities.User AgroLink.Domain.Entities.Movement::get_User()
DA:27,0
LF:10
LH:0
BRF:0
BRH:0
FNF:10
FNH:0
end_of_record
SF:/Users/jaimealvarez/work-agrolink/agrolink-api/AgroLink.Domain/Entities/Owner.cs
FN:6,System.Int32 AgroLink.Domain.Entities.Owner::get_Id()
FNDA:0,System.Int32 AgroLink.Domain.Entities.Owner::get_Id()
DA:7,0
FN:10,System.String AgroLink.Domain.Entities.Owner::get_Name()
FNDA:0,System.String AgroLink.Domain.Entities.Owner::get_Name()
DA:11,0
FN:13,System.String AgroLink.Domain.Entities.Owner::get_Phone()
FNDA:0,System.String AgroLink.Domain.Entities.Owner::get_Phone()
DA:14,0
FN:15,System.DateTime AgroLink.Domain.Entities.Owner::get_CreatedAt()
FNDA:0,System.DateTime AgroLink.Domain.Entities.Owner::get_CreatedAt()
DA:16,0
FN:16,System.Nullable`1<System.DateTime> AgroLink.Domain.Entities.Owner::get_UpdatedAt()
FNDA:0,System.Nullable`1<System.DateTime> AgroLink.Domain.Entities.Owner::get_UpdatedAt()
DA:17,0
FN:19,System.Collections.Generic.ICollection`1<AgroLink.Domain.Entities.AnimalOwner> AgroLink.Domain.Entities.Owner::get_AnimalOwners()
FNDA:0,System.Collections.Generic.ICollection`1<AgroLink.Domain.Entities.AnimalOwner> AgroLink.Domain.Entities.Owner::get_AnimalOwners()
DA:20,0
LF:6
LH:0
BRF:0
BRH:0
FNF:6
FNH:0
end_of_record
SF:/Users/jaimealvarez/work-agrolink/agrolink-api/AgroLink.Domain/Entities/Paddock.cs
FN:6,System.Int32 AgroLink.Domain.Entities.Paddock::get_Id()
FNDA:0,System.Int32 AgroLink.Domain.Entities.Paddock::get_Id()
DA:7,0
FN:10,System.String AgroLink.Domain.Entities.Paddock::get_Name()
FNDA:0,System.String AgroLink.Domain.Entities.Paddock::get_Name()
DA:11,0
FN:12,System.Int32 AgroLink.Domain.Entities.Paddock::get_FarmId()
FNDA:0,System.Int32 AgroLink.Domain.Entities.Paddock::get_FarmId()
DA:13,0
FN:14,System.DateTime AgroLink.Domain.Entities.Paddock::get_CreatedAt()
FNDA:0,System.DateTime AgroLink.Domain.Entities.Paddock::get_CreatedAt()
DA:15,0
FN:15,System.Nullable`1<System.DateTime> AgroLink.Domain.Entities.Paddock::get_UpdatedAt()
FNDA:0,System.Nullable`1<System.DateTime> AgroLink.Domain.Entities.Paddock::get_UpdatedAt()
DA:16,0
FN:18,AgroLink.Domain.Entities.Farm AgroLink.Domain.Entities.Paddock::get_Farm()
FNDA:0,AgroLink.Domain.Entities.Farm AgroLink.Domain.Entities.Paddock::get_Farm()
DA:19,0
FN:19,System.Collections.Generic.ICollection`1<AgroLink.Domain.Entities.Lot> AgroLink.Domain.Entities.Paddock::get_Lots()
FNDA:0,System.Collections.Generic.ICollection`1<AgroLink.Domain.Entities.Lot> AgroLink.Domain.Entities.Paddock::get_Lots()
DA:20,0
LF:7
LH:0
BRF:0
BRH:0
FNF:7
FNH:0
end_of_record
SF:/Users/jaimealvarez/work-agrolink/agrolink-api/AgroLink.Domain/Entities/Photo.cs
FN:6,System.Int32 AgroLink.Domain.Entities.Photo::get_Id()
FNDA:0,System.Int32 AgroLink.Domain.Entities.Photo::get_Id()
DA:7,0
FN:10,System.String AgroLink.Domain.Entities.Photo::get_EntityType()
FNDA:0,System.String AgroLink.Domain.Entities.Photo::get_EntityType()
DA:11,0
FN:12,System.Int32 AgroLink.Domain.Entities.Photo::get_EntityId()
FNDA:0,System.Int32 AgroLink.Domain.Entities.Photo::get_EntityId()
DA:13,0
FN:16,System.String AgroLink.Domain.Entities.Photo::get_UriLocal()
FNDA:0,System.String AgroLink.Domain.Entities.Photo::get_UriLocal()
DA:17,0
FN:19,System.String AgroLink.Domain.Entities.Photo::get_UriRemote()
FNDA:0,System.String AgroLink.Domain.Entities.Photo::get_UriRemote()
DA:20,0
FN:21,System.Boolean AgroLink.Domain.Entities.Photo::get_Uploaded()
FNDA:0,System.Boolean AgroLink.Domain.Entities.Photo::get_Uploaded()
DA:22,0
FN:24,System.String AgroLink.Domain.Entities.Photo::get_Description()
FNDA:0,System.String AgroLink.Domain.Entities.Photo::get_Description()
DA:25,0
FN:26,System.DateTime AgroLink.Domain.Entities.Photo::get_CreatedAt()
FNDA:0,System.DateTime AgroLink.Domain.Entities.Photo::get_CreatedAt()
DA:27,0
FN:27,System.Nullable`1<System.DateTime> AgroLink.Domain.Entities.Photo::get_UpdatedAt()
FNDA:0,System.Nullable`1<System.DateTime> AgroLink.Domain.Entities.Photo::get_UpdatedAt()
DA:28,0
LF:9
LH:0
BRF:0
BRH:0
FNF:9
FNH:0
end_of_record
SF:/Users/jaimealvarez/work-agrolink/agrolink-api/AgroLink.Domain/Entities/User.cs
FN:6,System.Int32 AgroLink.Domain.Entities.User::get_Id()
FNDA:0,System.Int32 AgroLink.Domain.Entities.User::get_Id()
DA:7,0
FN:10,System.String AgroLink.Domain.Entities.User::get_Name()
FNDA:7,System.String AgroLink.Domain.Entities.User::get_Name()
DA:11,7
FN:14,System.String AgroLink.Domain.Entities.User::get_Email()
FNDA:5,System.String AgroLink.Domain.Entities.User::get_Email()
DA:15,5
FN:18,System.String AgroLink.Domain.Entities.User::get_PasswordHash()
FNDA:5,System.String AgroLink.Domain.Entities.User::get_PasswordHash()
DA:19,5
FN:22,System.String AgroLink.Domain.Entities.User::get_Role()
FNDA:5,System.String AgroLink.Domain.Entities.User::get_Role()
DA:23,5
FN:24,System.Boolean AgroLink.Domain.Entities.User::get_IsActive()
FNDA:5,System.Boolean AgroLink.Domain.Entities.User::get_IsActive()
DA:25,5
FN:26,System.DateTime AgroLink.Domain.Entities.User::get_CreatedAt()
FNDA:5,System.DateTime AgroLink.Domain.Entities.User::get_CreatedAt()
DA:27,5
FN:27,System.Nullable`1<System.DateTime> AgroLink.Domain.Entities.User::get_UpdatedAt()
FNDA:0,System.Nullable`1<System.DateTime> AgroLink.Domain.Entities.User::get_UpdatedAt()
DA:28,0
FN:28,System.Nullable`1<System.DateTime> AgroLink.Domain.Entities.User::get_LastLoginAt()
FNDA:0,System.Nullable`1<System.DateTime> AgroLink.Domain.Entities.User::get_LastLoginAt()
DA:29,0
FN:31,System.Collections.Generic.ICollection`1<AgroLink.Domain.Entities.Movement> AgroLink.Domain.Entities.User::get_Movements()
FNDA:2,System.Collections.Generic.ICollection`1<AgroLink.Domain.Entities.Movement> AgroLink.Domain.Entities.User::get_Movements()
DA:32,2
FN:32,System.Collections.Generic.ICollection`1<AgroLink.Domain.Entities.Checklist> AgroLink.Domain.Entities.User::get_Checklists()
FNDA:2,System.Collections.Generic.ICollection`1<AgroLink.Domain.Entities.Checklist> AgroLink.Domain.Entities.User::get_Checklists()
DA:33,2
LF:11
LH:8
BRF:0
BRH:0
FNF:11
FNH:8
end_of_record